HW 4 Printout for i-forgot-to-replace-this-string-with-my-wustlkey
-----------------------------------------------------
Trace name  				sphinx3-100M
--------------L1 INFO--------------
Cache size  = 32768B. Each block = 4B.
1-way set associative cache.
Tag = 17 bits, Index = 13 bits, Offset = 2 bits
There are 8192 sets total in the cache.
At this associativity, that means a total of 8192 cache lines.
(Assuming a 32-bit address.)
--------------L2 INFO--------------
Cache size  = 524288B. Each block = 4B.
4-way set associative cache.
Tag = 15 bits, Index = 15 bits, Offset = 2 bits
There are 32768 sets total in the cache.
At this associativity, that means a total of 131072 cache lines.
(Assuming a 32-bit address.)
--------------Miss Cache INFO--------------
Cache size  = 12B. Each block = 4B.
3-way set associative cache.
Tag = 30 bits, Index = 0 bits, Offset = 2 bits
There are 1 sets total in the cache.
At this associativity, that means a total of 3 cache lines.
(Assuming a 32-bit address.)
--------------VictimBuffer INFO--------------
NO VICTIMBUFFER
Instruction Limit			none
Processed 100000000 trace lines.
Num Uops (micro-ops): 			100000000
--------------L1 Stats--------------
-----HIT----- 32935102
-----ACC----- 33141988
0.9937575862980821
Cache Hit Rate = 99.38% (Mis-rate: 0.62%)
Total number of bytes tranferred write-back: 823896
Total number of bytes tranferred write-thru: 56634728
write-thru:1.7088512614270455
write-back:0.024859582955615096
---L1 Activity:33141988---
--------------L2 LOCAL Stats--------------
-----HIT----- 94973
-----ACC----- 111544
0.8514397905759162
Cache Hit Rate = 85.14% (Mis-rate: 14.86%)
Total number of bytes tranferred write-back: 76116
Total number of bytes tranferred write-thru: 55873468
write-thru:500.9096679337302
write-back:0.682385426378828

--------------L2 GLOBAL Stats--------------
-----HIT----- 33125417
-----ACC----- 33141988
0.9994999998189608
Cache Hit Rate = 99.95% (Mis-rate: 0.05%)
Total number of bytes tranferred write-back: 0
Total number of bytes tranferred write-thru: 0
write-thru:0.0
write-back:0.0
---L2 Activity:205289---
---Latency:1.130796---
---MissCache Traffic:446176---
---MissCache Access:112229---
---VictimBuffer Traffic:0---

---L1 & Buffer(if exist) Composite Stats:%f---
-----HIT----- 32935787
-----ACC----- 33047331
0.9966247198601303
Cache Hit Rate = 99.66% (Mis-rate: 0.34%)
Total number of bytes tranferred write-back: 0
Total number of bytes tranferred write-thru: 0
write-thru:0.0
write-back:0.0
HW 4 Printout for i-forgot-to-replace-this-string-with-my-wustlkey
-----------------------------------------------------
Trace name  				sphinx3-100M
--------------L1 INFO--------------
Cache size  = 32768B. Each block = 8B.
1-way set associative cache.
Tag = 17 bits, Index = 12 bits, Offset = 3 bits
There are 4096 sets total in the cache.
At this associativity, that means a total of 4096 cache lines.
(Assuming a 32-bit address.)
--------------L2 INFO--------------
Cache size  = 524288B. Each block = 8B.
4-way set associative cache.
Tag = 15 bits, Index = 14 bits, Offset = 3 bits
There are 16384 sets total in the cache.
At this associativity, that means a total of 65536 cache lines.
(Assuming a 32-bit address.)
--------------Miss Cache INFO--------------
Cache size  = 24B. Each block = 8B.
3-way set associative cache.
Tag = 29 bits, Index = 0 bits, Offset = 3 bits
There are 1 sets total in the cache.
At this associativity, that means a total of 3 cache lines.
(Assuming a 32-bit address.)
--------------VictimBuffer INFO--------------
NO VICTIMBUFFER
Instruction Limit			none
Processed 100000000 trace lines.
Num Uops (micro-ops): 			100000000
--------------L1 Stats--------------
-----HIT----- 32966436
-----ACC----- 33141988
0.9947030335054131
Cache Hit Rate = 99.47% (Mis-rate: 0.53%)
Total number of bytes tranferred write-back: 1414312
Total number of bytes tranferred write-thru: 57211600
write-thru:1.7262573385760684
write-back:0.0426743259939627
---L1 Activity:33141988---
--------------L2 LOCAL Stats--------------
-----HIT----- 85542
-----ACC----- 97942
0.8733944579444978
Cache Hit Rate = 87.34% (Mis-rate: 12.66%)
Total number of bytes tranferred write-back: 126632
Total number of bytes tranferred write-thru: 55906384
write-thru:570.8111331196014
write-back:1.2929284678687387

--------------L2 GLOBAL Stats--------------
-----HIT----- 33129588
-----ACC----- 33141988
0.9996258522572635
Cache Hit Rate = 99.96% (Mis-rate: 0.04%)
Total number of bytes tranferred write-back: 0
Total number of bytes tranferred write-thru: 0
write-thru:0.0
write-back:0.0
---L2 Activity:175806---
---Latency:1.108370---
---MissCache Traffic:783536---
---MissCache Access:98925---
---VictimBuffer Traffic:0---

---L1 & Buffer(if exist) Composite Stats:%f---
-----HIT----- 32967419
-----ACC----- 33065361
0.9970379273947743
Cache Hit Rate = 99.70% (Mis-rate: 0.30%)
Total number of bytes tranferred write-back: 0
Total number of bytes tranferred write-thru: 0
write-thru:0.0
write-back:0.0
HW 4 Printout for i-forgot-to-replace-this-string-with-my-wustlkey
-----------------------------------------------------
Trace name  				sphinx3-100M
--------------L1 INFO--------------
Cache size  = 32768B. Each block = 16B.
1-way set associative cache.
Tag = 17 bits, Index = 11 bits, Offset = 4 bits
There are 2048 sets total in the cache.
At this associativity, that means a total of 2048 cache lines.
(Assuming a 32-bit address.)
--------------L2 INFO--------------
Cache size  = 524288B. Each block = 16B.
4-way set associative cache.
Tag = 15 bits, Index = 13 bits, Offset = 4 bits
There are 8192 sets total in the cache.
At this associativity, that means a total of 32768 cache lines.
(Assuming a 32-bit address.)
--------------Miss Cache INFO--------------
Cache size  = 48B. Each block = 16B.
3-way set associative cache.
Tag = 28 bits, Index = 0 bits, Offset = 4 bits
There are 1 sets total in the cache.
At this associativity, that means a total of 3 cache lines.
(Assuming a 32-bit address.)
--------------VictimBuffer INFO--------------
NO VICTIMBUFFER
Instruction Limit			none
Processed 100000000 trace lines.
Num Uops (micro-ops): 			100000000
--------------L1 Stats--------------
-----HIT----- 33034205
-----ACC----- 33141988
0.9967478414390832
Cache Hit Rate = 99.67% (Mis-rate: 0.33%)
Total number of bytes tranferred write-back: 1759696
Total number of bytes tranferred write-thru: 57531712
write-thru:1.7359161435940416
write-back:0.0530956682501967
---L1 Activity:33141988---
--------------L2 LOCAL Stats--------------
-----HIT----- 56344
-----ACC----- 62718
0.8983704837526707
Cache Hit Rate = 89.84% (Mis-rate: 10.16%)
Total number of bytes tranferred write-back: 130832
Total number of bytes tranferred write-thru: 55909168
write-thru:891.437354507478
write-back:2.086035906757231

--------------L2 GLOBAL Stats--------------
-----HIT----- 33135614
-----ACC----- 33141988
0.9998076759909514
Cache Hit Rate = 99.98% (Mis-rate: 0.02%)
Total number of bytes tranferred write-back: 0
Total number of bytes tranferred write-thru: 0
write-thru:0.0
write-back:0.0
---L2 Activity:108469---
---Latency:1.064696---
---MissCache Traffic:1003488---
---MissCache Access:64230---
---VictimBuffer Traffic:0---

---L1 & Buffer(if exist) Composite Stats:%f---
-----HIT----- 33035717
-----ACC----- 33098435
0.9981051067822391
Cache Hit Rate = 99.81% (Mis-rate: 0.19%)
Total number of bytes tranferred write-back: 0
Total number of bytes tranferred write-thru: 0
write-thru:0.0
write-back:0.0
HW 4 Printout for i-forgot-to-replace-this-string-with-my-wustlkey
-----------------------------------------------------
Trace name  				sphinx3-100M
--------------L1 INFO--------------
Cache size  = 32768B. Each block = 32B.
1-way set associative cache.
Tag = 17 bits, Index = 10 bits, Offset = 5 bits
There are 1024 sets total in the cache.
At this associativity, that means a total of 1024 cache lines.
(Assuming a 32-bit address.)
--------------L2 INFO--------------
Cache size  = 524288B. Each block = 32B.
4-way set associative cache.
Tag = 15 bits, Index = 12 bits, Offset = 5 bits
There are 4096 sets total in the cache.
At this associativity, that means a total of 16384 cache lines.
(Assuming a 32-bit address.)
--------------Miss Cache INFO--------------
Cache size  = 96B. Each block = 32B.
3-way set associative cache.
Tag = 27 bits, Index = 0 bits, Offset = 5 bits
There are 1 sets total in the cache.
At this associativity, that means a total of 3 cache lines.
(Assuming a 32-bit address.)
--------------VictimBuffer INFO--------------
NO VICTIMBUFFER
Instruction Limit			none
Processed 100000000 trace lines.
Num Uops (micro-ops): 			100000000
--------------L1 Stats--------------
-----HIT----- 33039904
-----ACC----- 33141988
0.9969197985347168
Cache Hit Rate = 99.69% (Mis-rate: 0.31%)
Total number of bytes tranferred write-back: 3425504
Total number of bytes tranferred write-thru: 59073872
write-thru:1.7824480535084377
write-back:0.10335843462377695
---L1 Activity:33141988---
--------------L2 LOCAL Stats--------------
-----HIT----- 63794
-----ACC----- 67159
0.9498950252386128
Cache Hit Rate = 94.99% (Mis-rate: 5.01%)
Total number of bytes tranferred write-back: 138656
Total number of bytes tranferred write-thru: 55914864
write-thru:832.5743980702512
write-back:2.0645929808365224

--------------L2 GLOBAL Stats--------------
-----HIT----- 33138623
-----ACC----- 33141988
0.9998984671649751
Cache Hit Rate = 99.99% (Mis-rate: 0.01%)
Total number of bytes tranferred write-back: 0
Total number of bytes tranferred write-thru: 0
write-thru:0.0
write-back:0.0
---L2 Activity:104610---
---Latency:1.058860---
---MissCache Traffic:2149088---
---MissCache Access:69596---
---VictimBuffer Traffic:0---

---L1 & Buffer(if exist) Composite Stats:%f---
-----HIT----- 33042341
-----ACC----- 33109500
0.9979716093568312
Cache Hit Rate = 99.80% (Mis-rate: 0.20%)
Total number of bytes tranferred write-back: 0
Total number of bytes tranferred write-thru: 0
write-thru:0.0
write-back:0.0
HW 4 Printout for i-forgot-to-replace-this-string-with-my-wustlkey
-----------------------------------------------------
Trace name  				sphinx3-100M
--------------L1 INFO--------------
Cache size  = 32768B. Each block = 4B.
2-way set associative cache.
Tag = 18 bits, Index = 12 bits, Offset = 2 bits
There are 4096 sets total in the cache.
At this associativity, that means a total of 8192 cache lines.
(Assuming a 32-bit address.)
--------------L2 INFO--------------
Cache size  = 524288B. Each block = 4B.
4-way set associative cache.
Tag = 15 bits, Index = 15 bits, Offset = 2 bits
There are 32768 sets total in the cache.
At this associativity, that means a total of 131072 cache lines.
(Assuming a 32-bit address.)
--------------Miss Cache INFO--------------
Cache size  = 12B. Each block = 4B.
3-way set associative cache.
Tag = 30 bits, Index = 0 bits, Offset = 2 bits
There are 1 sets total in the cache.
At this associativity, that means a total of 3 cache lines.
(Assuming a 32-bit address.)
--------------VictimBuffer INFO--------------
NO VICTIMBUFFER
Instruction Limit			none
Processed 100000000 trace lines.
Num Uops (micro-ops): 			100000000
--------------L1 Stats--------------
-----HIT----- 32980734
-----ACC----- 33141988
0.9951344499913524
Cache Hit Rate = 99.51% (Mis-rate: 0.49%)
Total number of bytes tranferred write-back: 629952
Total number of bytes tranferred write-thru: 56452200
write-thru:1.7033438066539641
write-back:0.01900767087357584
---L1 Activity:33141988---
--------------L2 LOCAL Stats--------------
-----HIT----- 68952
-----ACC----- 85524
0.8062298302230952
Cache Hit Rate = 80.62% (Mis-rate: 19.38%)
Total number of bytes tranferred write-back: 75768
Total number of bytes tranferred write-thru: 55873472
write-thru:653.3075160188953
write-back:0.8859267574014312

--------------L2 GLOBAL Stats--------------
-----HIT----- 33125416
-----ACC----- 33141988
0.9994999696457557
Cache Hit Rate = 99.95% (Mis-rate: 0.05%)
Total number of bytes tranferred write-back: 0
Total number of bytes tranferred write-thru: 0
write-thru:0.0
write-back:0.0
---L2 Activity:157486---
---Latency:1.111936---
---MissCache Traffic:342096---
---MissCache Access:85526---
---VictimBuffer Traffic:0---

---L1 & Buffer(if exist) Composite Stats:%f---
-----HIT----- 32980736
-----ACC----- 33066260
0.997413556900599
Cache Hit Rate = 99.74% (Mis-rate: 0.26%)
Total number of bytes tranferred write-back: 0
Total number of bytes tranferred write-thru: 0
write-thru:0.0
write-back:0.0
HW 4 Printout for i-forgot-to-replace-this-string-with-my-wustlkey
-----------------------------------------------------
Trace name  				sphinx3-100M
--------------L1 INFO--------------
Cache size  = 32768B. Each block = 8B.
2-way set associative cache.
Tag = 18 bits, Index = 11 bits, Offset = 3 bits
There are 2048 sets total in the cache.
At this associativity, that means a total of 4096 cache lines.
(Assuming a 32-bit address.)
--------------L2 INFO--------------
Cache size  = 524288B. Each block = 8B.
4-way set associative cache.
Tag = 15 bits, Index = 14 bits, Offset = 3 bits
There are 16384 sets total in the cache.
At this associativity, that means a total of 65536 cache lines.
(Assuming a 32-bit address.)
--------------Miss Cache INFO--------------
Cache size  = 24B. Each block = 8B.
3-way set associative cache.
Tag = 29 bits, Index = 0 bits, Offset = 3 bits
There are 1 sets total in the cache.
At this associativity, that means a total of 3 cache lines.
(Assuming a 32-bit address.)
--------------VictimBuffer INFO--------------
NO VICTIMBUFFER
Instruction Limit			none
Processed 100000000 trace lines.
Num Uops (micro-ops): 			100000000
--------------L1 Stats--------------
-----HIT----- 33021552
-----ACC----- 33141988
0.9963660598754668
Cache Hit Rate = 99.64% (Mis-rate: 0.36%)
Total number of bytes tranferred write-back: 949384
Total number of bytes tranferred write-thru: 56770672
write-thru:1.7129531276156398
write-back:0.028645958112108422
---L1 Activity:33141988---
--------------L2 LOCAL Stats--------------
-----HIT----- 53444
-----ACC----- 65848
0.8116267768193415
Cache Hit Rate = 81.16% (Mis-rate: 18.84%)
Total number of bytes tranferred write-back: 125504
Total number of bytes tranferred write-thru: 55906416
write-thru:849.0222330215041
write-back:1.9059652533106548

--------------L2 GLOBAL Stats--------------
-----HIT----- 33129584
-----ACC----- 33141988
0.9996257315644432
Cache Hit Rate = 99.96% (Mis-rate: 0.04%)
Total number of bytes tranferred write-back: 0
Total number of bytes tranferred write-thru: 0
write-thru:0.0
write-back:0.0
---L2 Activity:118663---
---Latency:1.085111---
---MissCache Traffic:526784---
---MissCache Access:65858---
---VictimBuffer Traffic:0---

---L1 & Buffer(if exist) Composite Stats:%f---
-----HIT----- 33021562
-----ACC----- 33087410
0.9980098774730328
Cache Hit Rate = 99.80% (Mis-rate: 0.20%)
Total number of bytes tranferred write-back: 0
Total number of bytes tranferred write-thru: 0
write-thru:0.0
write-back:0.0
HW 4 Printout for i-forgot-to-replace-this-string-with-my-wustlkey
-----------------------------------------------------
Trace name  				sphinx3-100M
--------------L1 INFO--------------
Cache size  = 32768B. Each block = 16B.
2-way set associative cache.
Tag = 18 bits, Index = 10 bits, Offset = 4 bits
There are 1024 sets total in the cache.
At this associativity, that means a total of 2048 cache lines.
(Assuming a 32-bit address.)
--------------L2 INFO--------------
Cache size  = 524288B. Each block = 16B.
4-way set associative cache.
Tag = 15 bits, Index = 13 bits, Offset = 4 bits
There are 8192 sets total in the cache.
At this associativity, that means a total of 32768 cache lines.
(Assuming a 32-bit address.)
--------------Miss Cache INFO--------------
Cache size  = 48B. Each block = 16B.
3-way set associative cache.
Tag = 28 bits, Index = 0 bits, Offset = 4 bits
There are 1 sets total in the cache.
At this associativity, that means a total of 3 cache lines.
(Assuming a 32-bit address.)
--------------VictimBuffer INFO--------------
NO VICTIMBUFFER
Instruction Limit			none
Processed 100000000 trace lines.
Num Uops (micro-ops): 			100000000
--------------L1 Stats--------------
-----HIT----- 33076621
-----ACC----- 33141988
0.9980276681048825
Cache Hit Rate = 99.80% (Mis-rate: 0.20%)
Total number of bytes tranferred write-back: 1035056
Total number of bytes tranferred write-thru: 56853056
write-thru:1.715438916941253
write-back:0.03123095693595689
---L1 Activity:33141988---
--------------L2 LOCAL Stats--------------
-----HIT----- 30843
-----ACC----- 37219
0.8286896477605524
Cache Hit Rate = 82.87% (Mis-rate: 17.13%)
Total number of bytes tranferred write-back: 129632
Total number of bytes tranferred write-thru: 55909200
write-thru:1502.1682474005213
write-back:3.4829522555683923

--------------L2 GLOBAL Stats--------------
-----HIT----- 33135612
-----ACC----- 33141988
0.9998076156445413
Cache Hit Rate = 99.98% (Mis-rate: 0.02%)
Total number of bytes tranferred write-back: 0
Total number of bytes tranferred write-thru: 0
write-thru:0.0
write-back:0.0
---L2 Activity:64655---
---Latency:1.046192---
---MissCache Traffic:595504---
---MissCache Access:37255---
---VictimBuffer Traffic:0---

---L1 & Buffer(if exist) Composite Stats:%f---
-----HIT----- 33076657
-----ACC----- 33113876
0.9988760300968693
Cache Hit Rate = 99.89% (Mis-rate: 0.11%)
Total number of bytes tranferred write-back: 0
Total number of bytes tranferred write-thru: 0
write-thru:0.0
write-back:0.0
HW 4 Printout for i-forgot-to-replace-this-string-with-my-wustlkey
-----------------------------------------------------
Trace name  				sphinx3-100M
--------------L1 INFO--------------
Cache size  = 32768B. Each block = 32B.
2-way set associative cache.
Tag = 18 bits, Index = 9 bits, Offset = 5 bits
There are 512 sets total in the cache.
At this associativity, that means a total of 1024 cache lines.
(Assuming a 32-bit address.)
--------------L2 INFO--------------
Cache size  = 524288B. Each block = 32B.
4-way set associative cache.
Tag = 15 bits, Index = 12 bits, Offset = 5 bits
There are 4096 sets total in the cache.
At this associativity, that means a total of 16384 cache lines.
(Assuming a 32-bit address.)
--------------Miss Cache INFO--------------
Cache size  = 96B. Each block = 32B.
3-way set associative cache.
Tag = 27 bits, Index = 0 bits, Offset = 5 bits
There are 1 sets total in the cache.
At this associativity, that means a total of 3 cache lines.
(Assuming a 32-bit address.)
--------------VictimBuffer INFO--------------
NO VICTIMBUFFER
Instruction Limit			none
Processed 100000000 trace lines.
Num Uops (micro-ops): 			100000000
--------------L1 Stats--------------
-----HIT----- 33096472
-----ACC----- 33141988
0.9986266363985166
Cache Hit Rate = 99.86% (Mis-rate: 0.14%)
Total number of bytes tranferred write-back: 1459424
Total number of bytes tranferred write-thru: 57263696
write-thru:1.7278292418668428
write-back:0.04403549962060212
---L1 Activity:33141988---
--------------L2 LOCAL Stats--------------
-----HIT----- 25085
-----ACC----- 28456
0.8815364070846219
Cache Hit Rate = 88.15% (Mis-rate: 11.85%)
Total number of bytes tranferred write-back: 138496
Total number of bytes tranferred write-thru: 55915056
write-thru:1964.965420298004
write-back:4.867022771998876

--------------L2 GLOBAL Stats--------------
-----HIT----- 33138617
-----ACC----- 33141988
0.9998982861257448
Cache Hit Rate = 99.99% (Mis-rate: 0.01%)
Total number of bytes tranferred write-back: 0
Total number of bytes tranferred write-thru: 0
write-thru:0.0
write-back:0.0
---L2 Activity:45187---
---Latency:1.030791---
---MissCache Traffic:910592---
---MissCache Access:28876---
---VictimBuffer Traffic:0---

---L1 & Buffer(if exist) Composite Stats:%f---
-----HIT----- 33096892
-----ACC----- 33125348
0.9991409599681791
Cache Hit Rate = 99.91% (Mis-rate: 0.09%)
Total number of bytes tranferred write-back: 0
Total number of bytes tranferred write-thru: 0
write-thru:0.0
write-back:0.0
